[17:33:15] [ServerMain/INFO]: [bootstrap] Running Java 21 (OpenJDK 64-Bit Server VM 21.0.5+11-Ubuntu-1ubuntu120.04; Ubuntu null) on Linux 6.5.0-1025-azure (amd64)
[17:33:15] [ServerMain/INFO]: [bootstrap] Loading Paper 1.21.3-63-master@4190ee7 (2024-11-25T18:59:19Z) for Minecraft 1.21.3
[17:33:15] [ServerMain/INFO]: [PluginInitializerManager] Initializing plugins...
[17:33:15] [ServerMain/INFO]: [PluginInitializerManager] Initialized 0 plugins
[17:33:16] [Paper Plugin Remapper Thread - 0/INFO]: [ReobfServer] Remapping server...
[17:33:20] [ServerMain/INFO]: Environment: Environment[sessionHost=https://sessionserver.mojang.com, servicesHost=https://api.minecraftservices.com, name=PROD]
[17:33:20] [ServerMain/INFO]: Found new data pack file/bukkit, loading it automatically
[17:33:20] [ServerMain/INFO]: Found new data pack paper, loading it automatically
[17:33:22] [ServerMain/INFO]: No existing world data, creating new world
[17:33:23] [ServerMain/INFO]: Loaded 1337 recipes
[17:33:23] [ServerMain/INFO]: Loaded 1448 advancements
[17:33:24] [Server thread/INFO]: Starting minecraft server version 1.21.3
[17:33:24] [Server thread/INFO]: Loading properties
[17:33:24] [Server thread/INFO]: This server is running Paper version 1.21.3-63-master@4190ee7 (2024-11-25T18:59:19Z) (Implementing API version 1.21.3-R0.1-SNAPSHOT)
[17:33:24] [Paper Plugin Remapper Thread - 0/INFO]: [ReobfServer] Done remapping server in 7906ms.
[17:33:25] [Server thread/INFO]: [spark] This server bundles the spark profiler. For more information please visit https://docs.papermc.io/paper/profiling
[17:33:25] [Server thread/INFO]: Server Ping Player Sample Count: 12
[17:33:25] [Server thread/INFO]: Using 4 threads for Netty based IO
[17:33:25] [Server thread/INFO]: [MoonriseCommon] Paper is using 1 worker threads, 1 I/O threads
[17:33:25] [Server thread/INFO]: [ChunkTaskScheduler] Chunk system is using population gen parallelism: true
[17:33:25] [Server thread/INFO]: Default game type: SURVIVAL
[17:33:25] [Server thread/INFO]: Generating keypair
[17:33:26] [Server thread/INFO]: Starting Minecraft server on *:25565
[17:33:26] [Server thread/INFO]: Using epoll channel type
[17:33:26] [Server thread/INFO]: Paper: Using libdeflate (Linux x86_64) compression from Velocity.
[17:33:26] [Server thread/INFO]: Paper: Using OpenSSL 1.1.x (Linux x86_64) cipher from Velocity.
[17:33:26] [Server thread/WARN]: **** SERVER IS RUNNING IN OFFLINE/INSECURE MODE!
[17:33:26] [Server thread/WARN]: The server will make no attempt to authenticate usernames. Beware.
[17:33:26] [Server thread/WARN]: While this makes the game possible to play without internet access, it also opens up the ability for hackers to connect with any username they choose.
[17:33:26] [Server thread/WARN]: To change this, set "online-mode" to "true" in the server.properties file.
[17:33:26] [Server thread/INFO]: Preparing level "world"
[17:33:34] [Paper Common Worker #0/INFO]: [MCTypeRegistry] Initialising converters for DataConverter...
[17:33:35] [Paper Common Worker #0/INFO]: [MCTypeRegistry] Finished initialising converters for DataConverter in 281.0ms
[17:33:39] [Server thread/INFO]: Preparing start region for dimension minecraft:overworld
[17:33:39] [Server thread/INFO]: Preparing spawn area: 2%
[17:33:40] [Server thread/INFO]: Preparing spawn area: 2%
[17:33:40] [Server thread/INFO]: Preparing spawn area: 2%
[17:33:41] [Server thread/INFO]: Preparing spawn area: 2%
[17:33:42] [Server thread/INFO]: Preparing spawn area: 2%
[17:33:42] [Server thread/INFO]: Preparing spawn area: 18%
[17:33:42] [Server thread/INFO]: Preparing spawn area: 18%
[17:33:43] [Server thread/INFO]: Preparing spawn area: 18%
[17:33:43] [Server thread/INFO]: Preparing spawn area: 18%
[17:33:44] [Server thread/INFO]: Preparing spawn area: 32%
[17:33:44] [Server thread/INFO]: Preparing spawn area: 51%
[17:33:45] [Server thread/INFO]: Preparing spawn area: 53%
[17:33:45] [Server thread/INFO]: Preparing spawn area: 53%
[17:33:46] [Server thread/INFO]: Preparing spawn area: 53%
[17:33:46] [Server thread/INFO]: Time elapsed: 6832 ms
[17:33:46] [Server thread/INFO]: Preparing start region for dimension minecraft:the_nether
[17:33:46] [Server thread/INFO]: Preparing spawn area: 8%
[17:33:47] [Server thread/INFO]: Preparing spawn area: 8%
[17:33:47] [Server thread/INFO]: Preparing spawn area: 38%
[17:33:48] [Server thread/INFO]: Preparing spawn area: 73%
[17:33:48] [Server thread/INFO]: Time elapsed: 1882 ms
[17:33:48] [Server thread/INFO]: Preparing start region for dimension minecraft:the_end
[17:33:48] [Server thread/INFO]: Preparing spawn area: 2%
[17:33:49] [Server thread/INFO]: Time elapsed: 466 ms
[17:33:49] [Server thread/INFO]: [spark] Starting background profiler...
[17:33:49] [Server thread/INFO]: Done preparing level "world" (23.214s)
[17:33:49] [Server thread/INFO]: Running delayed init tasks
[17:33:49] [Server thread/INFO]: Done (34.848s)! For help, type "help"
[17:33:49] [Server thread/INFO]: *************************************************************************************
[17:33:49] [Server thread/INFO]: This is the first time you're starting this server.
[17:33:49] [Server thread/INFO]: It's recommended you read our 'Getting Started' documentation for guidance.
[17:33:49] [Server thread/INFO]: View this and more helpful information here: https://docs.papermc.io/paper/next-steps
[17:33:49] [Server thread/INFO]: *************************************************************************************
[17:37:14] [User Authenticator #0/INFO]: UUID of player Hectoryno_33 is b949ebeb-2e13-3732-ae07-964cf1ee6f6a
[17:37:16] [Server thread/INFO]: Hectoryno_33 joined the game
[17:37:16] [Server thread/INFO]: Hectoryno_33[/[0:0:0:0:0:0:0:1%0]:37270] logged in with entity id 59 at ([world]-9.5, 80.0, 3.5)
[17:38:10] [Server thread/INFO]: Hectoryno_33 issued server command: /tps
[17:39:57] [Server thread/INFO]: Hectoryno_33 issued server command: /bukkit:plugins
[17:40:20] [Server thread/INFO]: Hectoryno_33 issued server command: /w
[17:40:26] [Server thread/INFO]: Hectoryno_33 issued server command: /plugins
